#
# There is insufficient memory for the Java Runtime Environment to continue.
# Native memory allocation (malloc) failed to allocate 1048576 bytes for AllocateHeap
# Possible reasons:
#   The system is out of physical RAM or swap space
#   The process is running with CompressedOops enabled, and the Java Heap may be blocking the growth of the native heap
# Possible solutions:
#   Reduce memory load on the system
#   Increase physical memory or swap space
#   Check if swap backing store is full
#   Decrease Java heap size (-Xmx/-Xms)
#   Decrease number of Java threads
#   Decrease Java thread stack sizes (-Xss)
#   Set larger code cache with -XX:ReservedCodeCacheSize=
#   JVM is running with Zero Based Compressed Oops mode in which the Java heap is
#     placed in the first 32GB address space. The Java Heap base address is the
#     maximum limit for the native heap growth. Please use -XX:HeapBaseMinAddress
#     to set the Java Heap base and to place the Java Heap above 32GB virtual address.
# This output file may be truncated or incomplete.
#
#  Out of Memory Error (allocation.cpp:44), pid=22052, tid=16000
#
# JRE version: Java(TM) SE Runtime Environment (21.0.1+12) (build 21.0.1+12-LTS-29)
# Java VM: Java HotSpot(TM) 64-Bit Server VM (21.0.1+12-LTS-29, mixed mode, emulated-client, sharing, tiered, compressed oops, compressed class ptrs, g1 gc, windows-amd64)
# No core dump will be written. Minidumps are not enabled by default on client versions of Windows
#

---------------  S U M M A R Y ------------

Command Line: -Dcom.sun.management.jmxremote -Dcom.sun.management.jmxremote.port=57482 -Dcom.sun.management.jmxremote.authenticate=false -Dcom.sun.management.jmxremote.ssl=false -Djava.rmi.server.hostname=localhost -Dspring.jmx.enabled=true -Dmanagement.endpoints.jmx.exposure.include=* -Dspring.application.admin.enabled=true -XX:TieredStopAtLevel=1 -Dspring.boot.project.name=backendEvent -Dfile.encoding=UTF-8 -Dstdout.encoding=UTF-8 -Dstderr.encoding=UTF-8 -XX:+ShowCodeDetailsInExceptionMessages com.event.BackendEventApplication --spring.output.ansi.enabled=always

Host: Intel(R) Core(TM) i7-10750H CPU @ 2.60GHz, 12 cores, 15G,  Windows 10 , 64 bit Build 19041 (10.0.19041.5915)
Time: Thu Jun 19 21:15:42 2025 Nepal Standard Time elapsed time: 460.542129 seconds (0d 0h 7m 40s)

---------------  T H R E A D  ---------------

Current thread (0x000001a041c65aa0):  VMThread "VM Thread"          [id=16000, stack(0x0000000a02c00000,0x0000000a02d00000) (1024K)]

Stack: [0x0000000a02c00000,0x0000000a02d00000]
Native frames: (J=compiled Java code, j=interpreted, Vv=VM code, C=native code)
V  [jvm.dll+0x6c9029]
V  [jvm.dll+0x854b81]
V  [jvm.dll+0x856e5e]
V  [jvm.dll+0x857543]
V  [jvm.dll+0x280c06]
V  [jvm.dll+0xbea87]
V  [jvm.dll+0x3462a2]
V  [jvm.dll+0x340bfe]
V  [jvm.dll+0x328cc8]
V  [jvm.dll+0x36bae4]
V  [jvm.dll+0x85d048]
V  [jvm.dll+0x85e144]
V  [jvm.dll+0x85e680]
V  [jvm.dll+0x85e923]
V  [jvm.dll+0x7fd728]
V  [jvm.dll+0x6c777d]
C  [ucrtbase.dll+0x21bb2]
C  [KERNEL32.DLL+0x17374]
C  [ntdll.dll+0x4cc91]

VM_Operation (0x0000000a022ff100): G1CollectFull, mode: safepoint, requested by thread 0x000001a08a8d5680


---------------  P R O C E S S  ---------------

Threads class SMR info:
_java_thread_list=0x000001a088935c70, length=23, elements={
0x000001a041c88270, 0x000001a041c898e0, 0x000001a041c8c080, 0x000001a041c8cc90,
0x000001a041c8de90, 0x000001a041c8f240, 0x000001a041c93af0, 0x000001a08704ffb0,
0x000001a087110230, 0x000001a08769b3b0, 0x000001a0876afe60, 0x000001a0876d4810,
0x000001a087773a90, 0x000001a08777a500, 0x000001a0877c2340, 0x000001a087f420e0,
0x000001a08a562f40, 0x000001a08a5656a0, 0x000001a087f42770, 0x000001a08a55e080,
0x000001a08a5628b0, 0x000001a08a5635d0, 0x000001a08a8d5680
}

Java Threads: ( => current thread )
  0x000001a041c88270 JavaThread "Reference Handler"          daemon [_thread_blocked, id=20188, stack(0x0000000a02d00000,0x0000000a02e00000) (1024K)]
  0x000001a041c898e0 JavaThread "Finalizer"                  daemon [_thread_blocked, id=23472, stack(0x0000000a02e00000,0x0000000a02f00000) (1024K)]
  0x000001a041c8c080 JavaThread "Signal Dispatcher"          daemon [_thread_blocked, id=5964, stack(0x0000000a02f00000,0x0000000a03000000) (1024K)]
  0x000001a041c8cc90 JavaThread "Attach Listener"            daemon [_thread_blocked, id=10912, stack(0x0000000a03000000,0x0000000a03100000) (1024K)]
  0x000001a041c8de90 JavaThread "Service Thread"             daemon [_thread_blocked, id=17476, stack(0x0000000a03100000,0x0000000a03200000) (1024K)]
  0x000001a041c8f240 JavaThread "Monitor Deflation Thread"   daemon [_thread_blocked, id=26752, stack(0x0000000a03200000,0x0000000a03300000) (1024K)]
  0x000001a041c93af0 JavaThread "C1 CompilerThread0"         daemon [_thread_blocked, id=20724, stack(0x0000000a03300000,0x0000000a03400000) (1024K)]
  0x000001a08704ffb0 JavaThread "Common-Cleaner"             daemon [_thread_blocked, id=22276, stack(0x0000000a03400000,0x0000000a03500000) (1024K)]
  0x000001a087110230 JavaThread "Notification Thread"        daemon [_thread_blocked, id=12044, stack(0x0000000a03700000,0x0000000a03800000) (1024K)]
  0x000001a08769b3b0 JavaThread "RMI TCP Accept-0"           daemon [_thread_in_native, id=23852, stack(0x0000000a03800000,0x0000000a03900000) (1024K)]
  0x000001a0876afe60 JavaThread "RMI TCP Accept-57482"       daemon [_thread_in_native, id=24848, stack(0x0000000a03900000,0x0000000a03a00000) (1024K)]
  0x000001a0876d4810 JavaThread "RMI TCP Accept-0"           daemon [_thread_in_native, id=11824, stack(0x0000000a03a00000,0x0000000a03b00000) (1024K)]
  0x000001a087773a90 JavaThread "RMI Scheduler(0)"           daemon [_thread_blocked, id=3632, stack(0x0000000a03c00000,0x0000000a03d00000) (1024K)]
  0x000001a08777a500 JavaThread "RMI TCP Connection(idle)"   daemon [_thread_blocked, id=1544, stack(0x0000000a03d00000,0x0000000a03e00000) (1024K)]
  0x000001a0877c2340 JavaThread "JMX server connection timeout 35" daemon [_thread_blocked, id=20776, stack(0x0000000a04500000,0x0000000a04600000) (1024K)]
  0x000001a087f420e0 JavaThread "mysql-cj-abandoned-connection-cleanup" daemon [_thread_blocked, id=25580, stack(0x0000000a05000000,0x0000000a05100000) (1024K)]
  0x000001a08a562f40 JavaThread "Live Reload Server"         daemon [_thread_in_native, id=20700, stack(0x0000000a05600000,0x0000000a05700000) (1024K)]
  0x000001a08a5656a0 JavaThread "DestroyJavaVM"                     [_thread_blocked, id=9956, stack(0x0000000a02500000,0x0000000a02600000) (1024K)]
  0x000001a087f42770 JavaThread "File Watcher"               daemon [_thread_blocked, id=16068, stack(0x0000000a02300000,0x0000000a02400000) (1024K)]
  0x000001a08a55e080 JavaThread "File Watcher"               daemon [_thread_blocked, id=8896, stack(0x0000000a02400000,0x0000000a02500000) (1024K)]
  0x000001a08a5628b0 JavaThread "File Watcher"               daemon [_thread_blocked, id=4768, stack(0x0000000a03500000,0x0000000a03600000) (1024K)]
  0x000001a08a5635d0 JavaThread "File Watcher"               daemon [_thread_blocked, id=15684, stack(0x0000000a03b00000,0x0000000a03c00000) (1024K)]
  0x000001a08a8d5680 JavaThread "Thread-21"                         [_thread_blocked, id=12788, stack(0x0000000a02200000,0x0000000a02300000) (1024K)]
Total: 23

Other Threads:
=>0x000001a041c65aa0 VMThread "VM Thread"                           [id=16000, stack(0x0000000a02c00000,0x0000000a02d00000) (1024K)]
  0x000001a041c4dbf0 WatcherThread "VM Periodic Task Thread"        [id=16988, stack(0x0000000a02b00000,0x0000000a02c00000) (1024K)]
  0x000001a02e9c12c0 WorkerThread "GC Thread#0"                     [id=22296, stack(0x0000000a02600000,0x0000000a02700000) (1024K)]
  0x000001a087776110 WorkerThread "GC Thread#1"                     [id=23112, stack(0x0000000a03e00000,0x0000000a03f00000) (1024K)]
  0x000001a087782fa0 WorkerThread "GC Thread#2"                     [id=24272, stack(0x0000000a03f00000,0x0000000a04000000) (1024K)]
  0x000001a087783340 WorkerThread "GC Thread#3"                     [id=22016, stack(0x0000000a04000000,0x0000000a04100000) (1024K)]
  0x000001a0877836e0 WorkerThread "GC Thread#4"                     [id=15776, stack(0x0000000a04100000,0x0000000a04200000) (1024K)]
  0x000001a087783e90 WorkerThread "GC Thread#5"                     [id=18176, stack(0x0000000a04200000,0x0000000a04300000) (1024K)]
  0x000001a0877ab470 WorkerThread "GC Thread#6"                     [id=12416, stack(0x0000000a04300000,0x0000000a04400000) (1024K)]
  0x000001a0877abe30 WorkerThread "GC Thread#7"                     [id=21384, stack(0x0000000a04400000,0x0000000a04500000) (1024K)]
  0x000001a088079f80 WorkerThread "GC Thread#8"                     [id=4796, stack(0x0000000a04800000,0x0000000a04900000) (1024K)]
  0x000001a0880794a0 WorkerThread "GC Thread#9"                     [id=13764, stack(0x0000000a04900000,0x0000000a04a00000) (1024K)]
  0x000001a02e9d37e0 ConcurrentGCThread "G1 Main Marker"            [id=26964, stack(0x0000000a02700000,0x0000000a02800000) (1024K)]
  0x000001a02e9d40f0 WorkerThread "G1 Conc#0"                       [id=11724, stack(0x0000000a02800000,0x0000000a02900000) (1024K)]
  0x000001a088727700 WorkerThread "G1 Conc#1"                       [id=18168, stack(0x0000000a04a00000,0x0000000a04b00000) (1024K)]
  0x000001a088727e40 WorkerThread "G1 Conc#2"                       [id=18160, stack(0x0000000a04c00000,0x0000000a04d00000) (1024K)]
  0x000001a02ea1ea80 ConcurrentGCThread "G1 Refine#0"               [id=25820, stack(0x0000000a02900000,0x0000000a02a00000) (1024K)]
  0x000001a041b216c0 ConcurrentGCThread "G1 Service"                [id=5448, stack(0x0000000a02a00000,0x0000000a02b00000) (1024K)]
Total: 18

Threads with active compile tasks:
Total: 0

VM state: at safepoint (normal execution)

VM Mutex/Monitor currently owned by a thread:  ([mutex/lock_event])
[0x00007ffe140ba5f8] Threads_lock - owner thread: 0x000001a041c65aa0
[0x00007ffe140ba6f8] Heap_lock - owner thread: 0x000001a08a8d5680

Heap address: 0x0000000702a00000, size: 4054 MB, Compressed Oops mode: Zero based, Oop shift amount: 3

CDS archive(s) mapped at: [0x000001a042000000-0x000001a042c90000-0x000001a042c90000), size 13172736, SharedBaseAddress: 0x000001a042000000, ArchiveRelocationMode: 1.
Compressed class space mapped at: 0x000001a043000000-0x000001a083000000, reserved size: 1073741824
Narrow klass base: 0x000001a042000000, Narrow klass shift: 0, Narrow klass range: 0x100000000

GC Precious Log:
 CardTable entry size: 512
 Card Set container configuration: InlinePtr #cards 4 size 8 Array Of Cards #cards 16 size 48 Howl #buckets 8 coarsen threshold 3686 Howl Bitmap #cards 512 size 80 coarsen threshold 460 Card regions per heap region 1 cards per card region 4096
 CPUs: 12 total, 12 available
 Memory: 16215M
 Large Page Support: Disabled
 NUMA Support: Disabled
 Compressed Oops: Enabled (Zero based)
 Heap Region Size: 2M
 Heap Min Capacity: 8M
 Heap Initial Capacity: 254M
 Heap Max Capacity: 4054M
 Pre-touch: Disabled
 Parallel Workers: 10
 Concurrent Workers: 3
 Concurrent Refinement Workers: 10
 Periodic GC: Disabled

Heap:
 garbage-first heap   total 98304K, used 57052K [0x0000000702a00000, 0x0000000800000000)
  region size 2048K, 10 young (20480K), 2 survivors (4096K)
 Metaspace       used 75864K, committed 76608K, reserved 1179648K
  class space    used 10776K, committed 11136K, reserved 1048576K

Heap Regions: E=young(eden), S=young(survivor), O=old, HS=humongous(starts), HC=humongous(continues), CS=collection set, F=free, TAMS=top-at-mark-start, PB=parsable bottom
|   0|0x0000000702a00000, 0x0000000702c00000, 0x0000000702c00000|100%| O|  |TAMS 0x0000000702a00000| PB 0x0000000702a00000| Untracked 
|   1|0x0000000702c00000, 0x0000000702e00000, 0x0000000702e00000|100%| O|  |TAMS 0x0000000702c00000| PB 0x0000000702c00000| Untracked 
|   2|0x0000000702e00000, 0x0000000703000000, 0x0000000703000000|100%| O|  |TAMS 0x0000000702e00000| PB 0x0000000702e00000| Untracked 
|   3|0x0000000703000000, 0x0000000703200000, 0x0000000703200000|100%| O|  |TAMS 0x0000000703000000| PB 0x0000000703000000| Untracked 
|   4|0x0000000703200000, 0x00000007033ffff8, 0x0000000703400000| 99%| O|  |TAMS 0x0000000703200000| PB 0x0000000703200000| Untracked 
|   5|0x0000000703400000, 0x0000000703600000, 0x0000000703600000|100%| O|  |TAMS 0x0000000703400000| PB 0x0000000703400000| Untracked 
|   6|0x0000000703600000, 0x00000007037ffff0, 0x0000000703800000| 99%| O|  |TAMS 0x0000000703600000| PB 0x0000000703600000| Untracked 
|   7|0x0000000703800000, 0x00000007039fffb0, 0x0000000703a00000| 99%| O|  |TAMS 0x0000000703800000| PB 0x0000000703800000| Untracked 
|   8|0x0000000703a00000, 0x0000000703bfffc0, 0x0000000703c00000| 99%| O|  |TAMS 0x0000000703a00000| PB 0x0000000703a00000| Untracked 
|   9|0x0000000703c00000, 0x0000000703d1d858, 0x0000000703e00000| 55%| O|Cm|TAMS 0x0000000703c00000| PB 0x0000000703c00000| Complete 
|  10|0x0000000703e00000, 0x0000000703ffffe8, 0x0000000704000000| 99%| O|  |TAMS 0x0000000703e00000| PB 0x0000000703e00000| Untracked 
|  11|0x0000000704000000, 0x00000007041fc470, 0x0000000704200000| 99%| O|Cm|TAMS 0x0000000704000000| PB 0x0000000704000000| Complete 
|  12|0x0000000704200000, 0x0000000704400000, 0x0000000704400000|100%| O|  |TAMS 0x0000000704200000| PB 0x0000000704200000| Untracked 
|  13|0x0000000704400000, 0x0000000704600000, 0x0000000704600000|100%| O|  |TAMS 0x0000000704400000| PB 0x0000000704400000| Untracked 
|  14|0x0000000704600000, 0x000000070467d580, 0x0000000704800000| 24%| O|  |TAMS 0x0000000704600000| PB 0x0000000704600000| Untracked 
|  15|0x0000000704800000, 0x0000000704982198, 0x0000000704a00000| 75%| O|Cm|TAMS 0x0000000704800000| PB 0x0000000704800000| Complete 
|  16|0x0000000704a00000, 0x0000000704b6e618, 0x0000000704c00000| 71%| O|Cm|TAMS 0x0000000704a00000| PB 0x0000000704a00000| Complete 
|  17|0x0000000704c00000, 0x0000000704e00000, 0x0000000704e00000|100%| O|  |TAMS 0x0000000704c00000| PB 0x0000000704c00000| Untracked 
|  18|0x0000000704e00000, 0x0000000705000000, 0x0000000705000000|100%| O|  |TAMS 0x0000000704e00000| PB 0x0000000704e00000| Untracked 
|  19|0x0000000705000000, 0x0000000705200000, 0x0000000705200000|100%| O|  |TAMS 0x0000000705000000| PB 0x0000000705000000| Untracked 
|  20|0x0000000705200000, 0x0000000705200000, 0x0000000705400000|  0%| F|  |TAMS 0x0000000705200000| PB 0x0000000705200000| Untracked 
|  21|0x0000000705400000, 0x0000000705400000, 0x0000000705600000|  0%| F|  |TAMS 0x0000000705400000| PB 0x0000000705400000| Untracked 
|  22|0x0000000705600000, 0x0000000705800000, 0x0000000705800000|100%| O|  |TAMS 0x0000000705600000| PB 0x0000000705600000| Untracked 
|  23|0x0000000705800000, 0x0000000705800000, 0x0000000705a00000|  0%| F|  |TAMS 0x0000000705800000| PB 0x0000000705800000| Untracked 
|  24|0x0000000705a00000, 0x0000000705b2f850, 0x0000000705c00000| 59%| S|CS|TAMS 0x0000000705a00000| PB 0x0000000705a00000| Complete 
|  25|0x0000000705c00000, 0x0000000705e00000, 0x0000000705e00000|100%| S|CS|TAMS 0x0000000705c00000| PB 0x0000000705c00000| Complete 
|  26|0x0000000705e00000, 0x0000000705e00000, 0x0000000706000000|  0%| F|  |TAMS 0x0000000705e00000| PB 0x0000000705e00000| Untracked 
|  27|0x0000000706000000, 0x0000000706000000, 0x0000000706200000|  0%| F|  |TAMS 0x0000000706000000| PB 0x0000000706000000| Untracked 
|  28|0x0000000706200000, 0x0000000706200000, 0x0000000706400000|  0%| F|  |TAMS 0x0000000706200000| PB 0x0000000706200000| Untracked 
|  29|0x0000000706400000, 0x0000000706400000, 0x0000000706600000|  0%| F|  |TAMS 0x0000000706400000| PB 0x0000000706400000| Untracked 
|  30|0x0000000706600000, 0x0000000706600000, 0x0000000706800000|  0%| F|  |TAMS 0x0000000706600000| PB 0x0000000706600000| Untracked 
|  31|0x0000000706800000, 0x0000000706800000, 0x0000000706a00000|  0%| F|  |TAMS 0x0000000706800000| PB 0x0000000706800000| Untracked 
|  32|0x0000000706a00000, 0x0000000706a00000, 0x0000000706c00000|  0%| F|  |TAMS 0x0000000706a00000| PB 0x0000000706a00000| Untracked 
|  33|0x0000000706c00000, 0x0000000706c00000, 0x0000000706e00000|  0%| F|  |TAMS 0x0000000706c00000| PB 0x0000000706c00000| Untracked 
|  34|0x0000000706e00000, 0x0000000706e00000, 0x0000000707000000|  0%| F|  |TAMS 0x0000000706e00000| PB 0x0000000706e00000| Untracked 
|  35|0x0000000707000000, 0x0000000707000000, 0x0000000707200000|  0%| F|  |TAMS 0x0000000707000000| PB 0x0000000707000000| Untracked 
|  36|0x0000000707200000, 0x0000000707200000, 0x0000000707400000|  0%| F|  |TAMS 0x0000000707200000| PB 0x0000000707200000| Untracked 
|  37|0x0000000707400000, 0x0000000707400000, 0x0000000707600000|  0%| F|  |TAMS 0x0000000707400000| PB 0x0000000707400000| Untracked 
|  38|0x0000000707600000, 0x0000000707600000, 0x0000000707800000|  0%| F|  |TAMS 0x0000000707600000| PB 0x0000000707600000| Untracked 
|  39|0x0000000707800000, 0x0000000707800000, 0x0000000707a00000|  0%| F|  |TAMS 0x0000000707800000| PB 0x0000000707800000| Untracked 
|  40|0x0000000707a00000, 0x0000000707a21ca0, 0x0000000707c00000|  6%| E|  |TAMS 0x0000000707a00000| PB 0x0000000707a00000| Complete 
|  41|0x0000000707c00000, 0x0000000707e00000, 0x0000000707e00000|100%| E|CS|TAMS 0x0000000707c00000| PB 0x0000000707c00000| Complete 
|  42|0x0000000707e00000, 0x0000000708000000, 0x0000000708000000|100%| E|CS|TAMS 0x0000000707e00000| PB 0x0000000707e00000| Complete 
|  43|0x0000000708000000, 0x0000000708200000, 0x0000000708200000|100%| E|CS|TAMS 0x0000000708000000| PB 0x0000000708000000| Complete 
|  44|0x0000000708200000, 0x0000000708400000, 0x0000000708400000|100%| E|CS|TAMS 0x0000000708200000| PB 0x0000000708200000| Complete 
|  45|0x0000000708400000, 0x0000000708600000, 0x0000000708600000|100%| E|CS|TAMS 0x0000000708400000| PB 0x0000000708400000| Complete 
|  46|0x0000000708600000, 0x0000000708800000, 0x0000000708800000|100%| E|CS|TAMS 0x0000000708600000| PB 0x0000000708600000| Complete 
| 126|0x0000000712600000, 0x0000000712800000, 0x0000000712800000|100%| E|CS|TAMS 0x0000000712600000| PB 0x0000000712600000| Complete 

Card table byte_map: [0x000001a03a8d0000,0x000001a03b0c0000] _byte_map_base: 0x000001a0370bb000

Marking Bits: (CMBitMap*) 0x000001a02e9c17d0
 Bits: [0x000001a03b0c0000, 0x000001a03f018000)

Polling page: 0x000001a02c8e0000

Metaspace:

Usage:
  Non-class:     63.56 MB used.
      Class:     10.52 MB used.
       Both:     74.09 MB used.

Virtual space:
  Non-class space:      128.00 MB reserved,      63.94 MB ( 50%) committed,  2 nodes.
      Class space:        1.00 GB reserved,      10.88 MB (  1%) committed,  1 nodes.
             Both:        1.12 GB reserved,      74.81 MB (  6%) committed. 

Chunk freelists:
   Non-Class:  15.76 MB
       Class:  5.15 MB
        Both:  20.91 MB

MaxMetaspaceSize: unlimited
CompressedClassSpaceSize: 1.00 GB
Initial GC threshold: 21.00 MB
Current GC threshold: 124.50 MB
CDS: on
 - commit_granule_bytes: 65536.
 - commit_granule_words: 8192.
 - virtual_space_node_default_size: 8388608.
 - enlarge_chunks_in_place: 1.
 - use_allocation_guard: 0.


Internal statistics:

num_allocs_failed_limit: 6.
num_arena_births: 1502.
num_arena_deaths: 716.
num_vsnodes_births: 3.
num_vsnodes_deaths: 0.
num_space_committed: 1197.
num_space_uncommitted: 0.
num_chunks_returned_to_freelist: 829.
num_chunks_taken_from_freelist: 4682.
num_chunk_merges: 183.
num_chunk_splits: 2998.
num_chunks_enlarged: 2316.
num_inconsistent_stats: 0.

CodeCache: size=49152Kb used=14782Kb max_used=16573Kb free=34369Kb
 bounds [0x000001a036db0000, 0x000001a037de0000, 0x000001a039db0000]
 total_blobs=8540 nmethods=7834 adapters=628
 compilation: enabled
              stopped_count=0, restarted_count=0
 full_count=0

Compilation events (20 events):
Event: 460.530 Thread 0x000001a041c93af0 10036       1       org.apache.tomcat.util.collections.ManagedConcurrentWeakHashMap$Key::equals (61 bytes)
Event: 460.530 Thread 0x000001a041c93af0 nmethod 10036 0x000001a036f17c10 code [0x000001a036f17e00, 0x000001a036f18100]
Event: 460.534 Thread 0x000001a041c93af0 10037       1       java.io.ObjectStreamField::setOffset (6 bytes)
Event: 460.534 Thread 0x000001a041c93af0 nmethod 10037 0x000001a037077d90 code [0x000001a037077f20, 0x000001a037077fe8]
Event: 460.535 Thread 0x000001a041c93af0 10038   !   1       java.io.ObjectOutputStream::defaultWriteFields (288 bytes)
Event: 460.536 Thread 0x000001a041c93af0 nmethod 10038 0x000001a037a94190 code [0x000001a037a943c0, 0x000001a037a94ae8]
Event: 460.536 Thread 0x000001a041c93af0 10039       1       java.io.ObjectStreamClass::checkDefaultSerialize (20 bytes)
Event: 460.536 Thread 0x000001a041c93af0 nmethod 10039 0x000001a0370e1d10 code [0x000001a0370e1ee0, 0x000001a0370e2100]
Event: 460.536 Thread 0x000001a041c93af0 10040       1       java.io.ObjectOutputStream$BlockDataOutputStream::writeByte (33 bytes)
Event: 460.536 Thread 0x000001a041c93af0 nmethod 10040 0x000001a036fbf310 code [0x000001a036fbf4c0, 0x000001a036fbf608]
Event: 460.537 Thread 0x000001a041c93af0 10041       1       java.io.ObjectStreamField::getOffset (5 bytes)
Event: 460.537 Thread 0x000001a041c93af0 nmethod 10041 0x000001a037083a10 code [0x000001a037083ba0, 0x000001a037083c68]
Event: 460.538 Thread 0x000001a041c93af0 10042       1       org.apache.catalina.core.ContainerBase::getLogger (28 bytes)
Event: 460.538 Thread 0x000001a041c93af0 nmethod 10042 0x000001a0371cfc10 code [0x000001a0371cfdc0, 0x000001a0371cff78]
Event: 460.538 Thread 0x000001a041c93af0 10043       1       org.apache.catalina.core.ContainerBase::fireContainerEvent (69 bytes)
Event: 460.539 Thread 0x000001a041c93af0 nmethod 10043 0x000001a037b62d90 code [0x000001a037b62fa0, 0x000001a037b63410]
Event: 460.540 Thread 0x000001a041c93af0 10044       1       java.lang.Thread::isAlive (5 bytes)
Event: 460.540 Thread 0x000001a041c93af0 nmethod 10044 0x000001a03709bc10 code [0x000001a03709bda0, 0x000001a03709be98]
Event: 460.540 Thread 0x000001a041c93af0 10045       1       java.lang.Thread::alive (15 bytes)
Event: 460.540 Thread 0x000001a041c93af0 nmethod 10045 0x000001a03709cd10 code [0x000001a03709cea0, 0x000001a03709cf98]

GC Heap History (20 events):
Event: 273.441 GC heap after
{Heap after GC invocations=29 (full 2):
 garbage-first heap   total 98304K, used 44188K [0x0000000702a00000, 0x0000000800000000)
  region size 2048K, 2 young (4096K), 2 survivors (4096K)
 Metaspace       used 74430K, committed 75200K, reserved 1114112K
  class space    used 10666K, committed 11008K, reserved 1048576K
}
Event: 273.670 GC heap before
{Heap before GC invocations=29 (full 2):
 garbage-first heap   total 98304K, used 85148K [0x0000000702a00000, 0x0000000800000000)
  region size 2048K, 22 young (45056K), 2 survivors (4096K)
 Metaspace       used 74536K, committed 75264K, reserved 1114112K
  class space    used 10678K, committed 11008K, reserved 1048576K
}
Event: 273.673 GC heap after
{Heap after GC invocations=30 (full 2):
 garbage-first heap   total 98304K, used 47476K [0x0000000702a00000, 0x0000000800000000)
  region size 2048K, 3 young (6144K), 3 survivors (6144K)
 Metaspace       used 74536K, committed 75264K, reserved 1114112K
  class space    used 10678K, committed 11008K, reserved 1048576K
}
Event: 286.395 GC heap before
{Heap before GC invocations=31 (full 2):
 garbage-first heap   total 98304K, used 63860K [0x0000000702a00000, 0x0000000800000000)
  region size 2048K, 12 young (24576K), 3 survivors (6144K)
 Metaspace       used 74714K, committed 75456K, reserved 1114112K
  class space    used 10685K, committed 11008K, reserved 1048576K
}
Event: 286.440 GC heap after
{Heap after GC invocations=32 (full 3):
 garbage-first heap   total 98304K, used 28964K [0x0000000702a00000, 0x0000000800000000)
  region size 2048K, 0 young (0K), 0 survivors (0K)
 Metaspace       used 74650K, committed 75456K, reserved 1114112K
  class space    used 10669K, committed 11008K, reserved 1048576K
}
Event: 286.780 GC heap before
{Heap before GC invocations=32 (full 3):
 garbage-first heap   total 98304K, used 82212K [0x0000000702a00000, 0x0000000800000000)
  region size 2048K, 26 young (53248K), 0 survivors (0K)
 Metaspace       used 74763K, committed 75456K, reserved 1114112K
  class space    used 10686K, committed 11008K, reserved 1048576K
}
Event: 286.782 GC heap after
{Heap after GC invocations=33 (full 3):
 garbage-first heap   total 98304K, used 33344K [0x0000000702a00000, 0x0000000800000000)
  region size 2048K, 3 young (6144K), 3 survivors (6144K)
 Metaspace       used 74763K, committed 75456K, reserved 1114112K
  class space    used 10686K, committed 11008K, reserved 1048576K
}
Event: 316.117 GC heap before
{Heap before GC invocations=33 (full 3):
 garbage-first heap   total 98304K, used 80448K [0x0000000702a00000, 0x0000000800000000)
  region size 2048K, 26 young (53248K), 3 survivors (6144K)
 Metaspace       used 74973K, committed 75712K, reserved 1114112K
  class space    used 10703K, committed 11072K, reserved 1048576K
}
Event: 316.120 GC heap after
{Heap after GC invocations=34 (full 3):
 garbage-first heap   total 98304K, used 34314K [0x0000000702a00000, 0x0000000800000000)
  region size 2048K, 3 young (6144K), 3 survivors (6144K)
 Metaspace       used 74973K, committed 75712K, reserved 1114112K
  class space    used 10703K, committed 11072K, reserved 1048576K
}
Event: 316.458 GC heap before
{Heap before GC invocations=34 (full 3):
 garbage-first heap   total 98304K, used 79370K [0x0000000702a00000, 0x0000000800000000)
  region size 2048K, 26 young (53248K), 3 survivors (6144K)
 Metaspace       used 75083K, committed 75840K, reserved 1114112K
  class space    used 10723K, committed 11072K, reserved 1048576K
}
Event: 316.462 GC heap after
{Heap after GC invocations=35 (full 3):
 garbage-first heap   total 98304K, used 37583K [0x0000000702a00000, 0x0000000800000000)
  region size 2048K, 3 young (6144K), 3 survivors (6144K)
 Metaspace       used 75083K, committed 75840K, reserved 1114112K
  class space    used 10723K, committed 11072K, reserved 1048576K
}
Event: 324.350 GC heap before
{Heap before GC invocations=35 (full 3):
 garbage-first heap   total 98304K, used 78543K [0x0000000702a00000, 0x0000000800000000)
  region size 2048K, 24 young (49152K), 3 survivors (6144K)
 Metaspace       used 75282K, committed 76032K, reserved 1114112K
  class space    used 10736K, committed 11072K, reserved 1048576K
}
Event: 324.354 GC heap after
{Heap after GC invocations=36 (full 3):
 garbage-first heap   total 98304K, used 38135K [0x0000000702a00000, 0x0000000800000000)
  region size 2048K, 2 young (4096K), 2 survivors (4096K)
 Metaspace       used 75282K, committed 76032K, reserved 1114112K
  class space    used 10736K, committed 11072K, reserved 1048576K
}
Event: 325.575 GC heap before
{Heap before GC invocations=37 (full 3):
 garbage-first heap   total 98304K, used 81143K [0x0000000702a00000, 0x0000000800000000)
  region size 2048K, 23 young (47104K), 2 survivors (4096K)
 Metaspace       used 75321K, committed 76032K, reserved 1114112K
  class space    used 10733K, committed 11072K, reserved 1048576K
}
Event: 325.581 GC heap after
{Heap after GC invocations=38 (full 3):
 garbage-first heap   total 98304K, used 40469K [0x0000000702a00000, 0x0000000800000000)
  region size 2048K, 3 young (6144K), 3 survivors (6144K)
 Metaspace       used 75321K, committed 76032K, reserved 1114112K
  class space    used 10733K, committed 11072K, reserved 1048576K
}
Event: 326.647 GC heap before
{Heap before GC invocations=38 (full 3):
 garbage-first heap   total 98304K, used 77333K [0x0000000702a00000, 0x0000000800000000)
  region size 2048K, 22 young (45056K), 3 survivors (6144K)
 Metaspace       used 75524K, committed 76224K, reserved 1114112K
  class space    used 10748K, committed 11072K, reserved 1048576K
}
Event: 326.655 GC heap after
{Heap after GC invocations=39 (full 3):
 garbage-first heap   total 98304K, used 43272K [0x0000000702a00000, 0x0000000800000000)
  region size 2048K, 3 young (6144K), 3 survivors (6144K)
 Metaspace       used 75524K, committed 76224K, reserved 1114112K
  class space    used 10748K, committed 11072K, reserved 1048576K
}
Event: 383.963 GC heap before
{Heap before GC invocations=39 (full 3):
 garbage-first heap   total 98304K, used 82184K [0x0000000702a00000, 0x0000000800000000)
  region size 2048K, 22 young (45056K), 3 survivors (6144K)
 Metaspace       used 75747K, committed 76480K, reserved 1179648K
  class space    used 10772K, committed 11136K, reserved 1048576K
}
Event: 383.966 GC heap after
{Heap after GC invocations=40 (full 3):
 garbage-first heap   total 98304K, used 42716K [0x0000000702a00000, 0x0000000800000000)
  region size 2048K, 2 young (4096K), 2 survivors (4096K)
 Metaspace       used 75747K, committed 76480K, reserved 1179648K
  class space    used 10772K, committed 11136K, reserved 1048576K
}
Event: 460.540 GC heap before
{Heap before GC invocations=41 (full 3):
 garbage-first heap   total 98304K, used 57052K [0x0000000702a00000, 0x0000000800000000)
  region size 2048K, 10 young (20480K), 2 survivors (4096K)
 Metaspace       used 75864K, committed 76608K, reserved 1179648K
  class space    used 10776K, committed 11136K, reserved 1048576K
}

Dll operation events (10 events):
Event: 0.017 Loaded shared library C:\Program Files\Java\jdk-21\bin\java.dll
Event: 0.511 Loaded shared library C:\Program Files\Java\jdk-21\bin\jimage.dll
Event: 0.525 Loaded shared library C:\Program Files\Java\jdk-21\bin\net.dll
Event: 0.529 Loaded shared library C:\Program Files\Java\jdk-21\bin\nio.dll
Event: 0.535 Loaded shared library C:\Program Files\Java\jdk-21\bin\zip.dll
Event: 0.715 Loaded shared library C:\Program Files\Java\jdk-21\bin\management.dll
Event: 0.766 Loaded shared library C:\Program Files\Java\jdk-21\bin\management_ext.dll
Event: 1.378 Loaded shared library C:\Program Files\Java\jdk-21\bin\extnet.dll
Event: 2.806 Loaded shared library C:\Program Files\Java\jdk-21\bin\sunmscapi.dll
Event: 5.880 Loaded shared library C:\Program Files\Java\jdk-21\bin\verify.dll

Deoptimization events (12 events):
Event: 1.018 Thread 0x000001a02c71c0a0 DEOPT PACKING pc=0x000001a0370f0cdd sp=0x0000000a025fd3a0
Event: 1.018 Thread 0x000001a02c71c0a0 DEOPT UNPACKING pc=0x000001a036e04e42 sp=0x0000000a025fc850 mode 3
Event: 1.032 Thread 0x000001a02c71c0a0 DEOPT PACKING pc=0x000001a03710afe0 sp=0x0000000a025fd2a0
Event: 1.032 Thread 0x000001a02c71c0a0 DEOPT UNPACKING pc=0x000001a036e04e42 sp=0x0000000a025fc758 mode 3
Event: 2.560 Thread 0x000001a087f44840 DEOPT PACKING pc=0x000001a03742dc61 sp=0x0000000a047fd090
Event: 2.560 Thread 0x000001a087f44840 DEOPT UNPACKING pc=0x000001a036e04e42 sp=0x0000000a047fc570 mode 3
Event: 4.522 Thread 0x000001a087f44840 DEOPT PACKING pc=0x000001a0376928e1 sp=0x0000000a047fcc00
Event: 4.522 Thread 0x000001a087f44840 DEOPT UNPACKING pc=0x000001a036e04e42 sp=0x0000000a047fc0e0 mode 3
Event: 4.713 Thread 0x000001a087f44840 DEOPT PACKING pc=0x000001a0375d869c sp=0x0000000a047fbc10
Event: 4.713 Thread 0x000001a087f44840 DEOPT UNPACKING pc=0x000001a036e04e42 sp=0x0000000a047fb0d0 mode 0
Event: 5.234 Thread 0x000001a087f44840 DEOPT PACKING pc=0x000001a037725d25 sp=0x0000000a047fc2b0
Event: 5.234 Thread 0x000001a087f44840 DEOPT UNPACKING pc=0x000001a036e04e42 sp=0x0000000a047fb818 mode 3

Classes loaded (20 events):
Event: 273.710 Loading class java/util/concurrent/ExecutorEditor
Event: 273.710 Loading class java/util/concurrent/ExecutorEditor done
Event: 415.716 Loading class java/io/WriteAbortedException
Event: 415.716 Loading class java/io/WriteAbortedException done
Event: 415.717 Loading class sun/security/provider/SecureRandom
Event: 415.717 Loading class sun/security/provider/SecureRandom done
Event: 415.717 Loading class sun/security/provider/SecureRandom$SeederHolder
Event: 415.717 Loading class sun/security/provider/SecureRandom$SeederHolder done
Event: 460.536 Loading class sun/util/locale/LocaleExtensions
Event: 460.536 Loading class sun/util/locale/LocaleExtensions done
Event: 460.537 Loading class java/util/Locale$FilteringMode
Event: 460.537 Loading class java/util/Locale$FilteringMode done
Event: 460.537 Loading class java/util/Locale$IsoCountryCode
Event: 460.537 Loading class java/util/Locale$IsoCountryCode done
Event: 460.538 Loading class java/io/ObjectOutputStream$PutFieldImpl
Event: 460.538 Loading class java/io/ObjectOutputStream$PutField
Event: 460.538 Loading class java/io/ObjectOutputStream$PutField done
Event: 460.538 Loading class java/io/ObjectOutputStream$PutFieldImpl done
Event: 460.538 Loading class java/io/FileOutputStream$1
Event: 460.538 Loading class java/io/FileOutputStream$1 done

Classes unloaded (20 events):
Event: 383.983 Thread 0x000001a041c65aa0 Unloading class 0x000001a043003c00 'java/lang/invoke/LambdaForm$MH+0x000001a043003c00'
Event: 383.983 Thread 0x000001a041c65aa0 Unloading class 0x000001a043004400 'java/lang/invoke/LambdaForm$MH+0x000001a043004400'
Event: 383.983 Thread 0x000001a041c65aa0 Unloading class 0x000001a043004800 'java/lang/invoke/LambdaForm$BMH+0x000001a043004800'
Event: 383.983 Thread 0x000001a041c65aa0 Unloading class 0x000001a043007800 'java/lang/invoke/LambdaForm$MH+0x000001a043007800'
Event: 383.983 Thread 0x000001a041c65aa0 Unloading class 0x000001a04348c000 'java/lang/invoke/LambdaForm$MH+0x000001a04348c000'
Event: 383.983 Thread 0x000001a041c65aa0 Unloading class 0x000001a0439c4000 'java/lang/invoke/LambdaForm$MH+0x000001a0439c4000'
Event: 383.983 Thread 0x000001a041c65aa0 Unloading class 0x000001a043a44800 'java/lang/invoke/LambdaForm$MH+0x000001a043a44800'
Event: 383.983 Thread 0x000001a041c65aa0 Unloading class 0x000001a0439a1000 'java/lang/invoke/LambdaForm$MH+0x000001a0439a1000'
Event: 383.983 Thread 0x000001a041c65aa0 Unloading class 0x000001a043948800 'java/lang/invoke/LambdaForm$MH+0x000001a043948800'
Event: 383.983 Thread 0x000001a041c65aa0 Unloading class 0x000001a043929000 'java/lang/invoke/LambdaForm$MH+0x000001a043929000'
Event: 383.983 Thread 0x000001a041c65aa0 Unloading class 0x000001a043448800 'java/lang/invoke/LambdaForm$MH+0x000001a043448800'
Event: 383.983 Thread 0x000001a041c65aa0 Unloading class 0x000001a043448000 'java/lang/invoke/LambdaForm$MH+0x000001a043448000'
Event: 383.983 Thread 0x000001a041c65aa0 Unloading class 0x000001a0433f3000 'java/lang/invoke/LambdaForm$DMH+0x000001a0433f3000'
Event: 383.983 Thread 0x000001a041c65aa0 Unloading class 0x000001a043009400 'java/lang/invoke/LambdaForm$DMH+0x000001a043009400'
Event: 383.983 Thread 0x000001a041c65aa0 Unloading class 0x000001a0433ed800 'java/lang/invoke/LambdaForm$DMH+0x000001a0433ed800'
Event: 383.983 Thread 0x000001a041c65aa0 Unloading class 0x000001a043890800 'java/lang/invoke/LambdaForm$MH+0x000001a043890800'
Event: 383.983 Thread 0x000001a041c65aa0 Unloading class 0x000001a043410800 'java/lang/invoke/LambdaForm$MH+0x000001a043410800'
Event: 383.983 Thread 0x000001a041c65aa0 Unloading class 0x000001a0433ac000 'java/lang/invoke/LambdaForm$DMH+0x000001a0433ac000'
Event: 383.983 Thread 0x000001a041c65aa0 Unloading class 0x000001a043340000 'java/lang/invoke/LambdaForm$DMH+0x000001a043340000'
Event: 383.983 Thread 0x000001a041c65aa0 Unloading class 0x000001a043000400 'java/lang/invoke/LambdaForm$MH+0x000001a043000400'

Classes redefined (0 events):
No events

Internal exceptions (20 events):
Event: 316.328 Thread 0x000001a08a55e710 Exception <a 'java/lang/NoClassDefFoundError'{0x0000000707076498}: liquibase/integration/spring/SpringLiquibase> (0x0000000707076498) 
thrown [s\open\src\hotspot\share\oops\constantPool.cpp, line 871]
Event: 316.330 Thread 0x000001a08a55e710 Exception <a 'java/lang/NoClassDefFoundError'{0x00000007070a8360}: org/jooq/DSLContext> (0x00000007070a8360) 
thrown [s\open\src\hotspot\share\oops\constantPool.cpp, line 871]
Event: 316.333 Thread 0x000001a08a55e710 Exception <a 'java/lang/NoClassDefFoundError'{0x00000007070fff48}: org/springframework/batch/core/repository/JobRepository> (0x00000007070fff48) 
thrown [s\open\src\hotspot\share\oops\constantPool.cpp, line 871]
Event: 316.333 Thread 0x000001a08a55e710 Exception <a 'java/lang/NoClassDefFoundError'{0x00000007071005a0}: org/quartz/Scheduler> (0x00000007071005a0) 
thrown [s\open\src\hotspot\share\oops\constantPool.cpp, line 871]
Event: 316.333 Thread 0x000001a08a55e710 Exception <a 'java/lang/NoClassDefFoundError'{0x0000000707100c20}: org/springframework/session/jdbc/JdbcIndexedSessionRepository> (0x0000000707100c20) 
thrown [s\open\src\hotspot\share\oops\constantPool.cpp, line 871]
Event: 316.383 Thread 0x000001a08a55e710 Exception <a 'java/io/FileNotFoundException'{0x0000000706612cf8}> (0x0000000706612cf8) 
thrown [s\open\src\hotspot\share\prims\jni.cpp, line 520]
Event: 316.407 Thread 0x000001a08a55e710 Exception <a 'java/io/FileNotFoundException'{0x0000000706533628}> (0x0000000706533628) 
thrown [s\open\src\hotspot\share\prims\jni.cpp, line 520]
Event: 316.639 Thread 0x000001a08a55f430 Exception <a 'java/lang/InterruptedException'{0x00000007069ba668}: sleep interrupted> (0x00000007069ba668) 
thrown [s\open\src\hotspot\share\prims\jvm.cpp, line 3074]
Event: 316.642 Thread 0x000001a08a55e710 Exception <a 'java/lang/NoClassDefFoundError'{0x0000000706985350}: jakarta/validation/ValidationException> (0x0000000706985350) 
thrown [s\open\src\hotspot\share\classfile\systemDictionary.cpp, line 301]
Event: 316.642 Thread 0x000001a08a55e710 Exception <a 'java/lang/NoClassDefFoundError'{0x0000000706987d78}: liquibase/exception/ChangeLogParseException> (0x0000000706987d78) 
thrown [s\open\src\hotspot\share\classfile\systemDictionary.cpp, line 301]
Event: 324.248 Thread 0x000001a08a560e70 Exception <a 'sun/nio/fs/WindowsException'{0x00000007067bf9e8}> (0x00000007067bf9e8) 
thrown [s\open\src\hotspot\share\prims\jni.cpp, line 520]
Event: 325.048 Thread 0x000001a08a560e70 Exception <a 'java/lang/NoClassDefFoundError'{0x00000007070934d0}: org/flywaydb/core/Flyway> (0x00000007070934d0) 
thrown [s\open\src\hotspot\share\oops\constantPool.cpp, line 871]
Event: 325.048 Thread 0x000001a08a560e70 Exception <a 'java/lang/NoClassDefFoundError'{0x0000000707093b30}: liquibase/integration/spring/SpringLiquibase> (0x0000000707093b30) 
thrown [s\open\src\hotspot\share\oops\constantPool.cpp, line 871]
Event: 325.063 Thread 0x000001a08a560e70 Exception <a 'java/lang/NoClassDefFoundError'{0x00000007070c59c0}: org/jooq/DSLContext> (0x00000007070c59c0) 
thrown [s\open\src\hotspot\share\oops\constantPool.cpp, line 871]
Event: 325.076 Thread 0x000001a08a560e70 Exception <a 'java/lang/NoClassDefFoundError'{0x000000070711d8b8}: org/springframework/batch/core/repository/JobRepository> (0x000000070711d8b8) 
thrown [s\open\src\hotspot\share\oops\constantPool.cpp, line 871]
Event: 325.076 Thread 0x000001a08a560e70 Exception <a 'java/lang/NoClassDefFoundError'{0x000000070711df10}: org/quartz/Scheduler> (0x000000070711df10) 
thrown [s\open\src\hotspot\share\oops\constantPool.cpp, line 871]
Event: 325.076 Thread 0x000001a08a560e70 Exception <a 'java/lang/NoClassDefFoundError'{0x000000070711e590}: org/springframework/session/jdbc/JdbcIndexedSessionRepository> (0x000000070711e590) 
thrown [s\open\src\hotspot\share\oops\constantPool.cpp, line 871]
Event: 325.388 Thread 0x000001a08a560e70 Exception <a 'java/io/FileNotFoundException'{0x00000007066532c8}> (0x00000007066532c8) 
thrown [s\open\src\hotspot\share\prims\jni.cpp, line 520]
Event: 325.502 Thread 0x000001a08a560e70 Exception <a 'java/io/FileNotFoundException'{0x0000000706573b30}> (0x0000000706573b30) 
thrown [s\open\src\hotspot\share\prims\jni.cpp, line 520]
Event: 460.540 Thread 0x000001a08a563c60 Exception <a 'java/lang/InterruptedException'{0x0000000707a0d520}: sleep interrupted> (0x0000000707a0d520) 
thrown [s\open\src\hotspot\share\prims\jvm.cpp, line 3074]

ZGC Phase Switch (0 events):
No events

VM Operations (20 events):
Event: 327.658 Executing VM operation: Cleanup done
Event: 330.702 Executing VM operation: Cleanup
Event: 330.702 Executing VM operation: Cleanup done
Event: 331.718 Executing VM operation: Cleanup
Event: 331.718 Executing VM operation: Cleanup done
Event: 338.759 Executing VM operation: Cleanup
Event: 338.759 Executing VM operation: Cleanup done
Event: 360.601 Executing VM operation: HandshakeAllThreads (HandshakeForDeflation)
Event: 360.601 Executing VM operation: HandshakeAllThreads (HandshakeForDeflation) done
Event: 360.601 Executing VM operation: RendezvousGCThreads
Event: 360.601 Executing VM operation: RendezvousGCThreads done
Event: 383.963 Executing VM operation: G1CollectForAllocation (G1 Evacuation Pause)
Event: 383.967 Executing VM operation: G1CollectForAllocation (G1 Evacuation Pause) done
Event: 383.982 Executing VM operation: G1PauseRemark
Event: 383.992 Executing VM operation: G1PauseRemark done
Event: 384.002 Executing VM operation: G1PauseCleanup
Event: 384.002 Executing VM operation: G1PauseCleanup done
Event: 416.312 Executing VM operation: Cleanup
Event: 416.313 Executing VM operation: Cleanup done
Event: 460.540 Executing VM operation: G1CollectFull (System.gc())

Events (20 events):
Event: 460.515 Thread 0x000001a08a8d8b00 Thread added: 0x000001a08a8d8b00
Event: 460.525 Thread 0x000001a08a8d35b0 Thread exited: 0x000001a08a8d35b0
Event: 460.525 Thread 0x000001a08a8d8b00 Thread exited: 0x000001a08a8d8b00
Event: 460.525 Thread 0x000001a087f44ed0 Thread exited: 0x000001a087f44ed0
Event: 460.525 Thread 0x000001a087f44840 Thread exited: 0x000001a087f44840
Event: 460.525 Thread 0x000001a08a562220 Thread exited: 0x000001a08a562220
Event: 460.525 Thread 0x000001a087f441b0 Thread exited: 0x000001a087f441b0
Event: 460.525 Thread 0x000001a08a560150 Thread exited: 0x000001a08a560150
Event: 460.525 Thread 0x000001a08a5607e0 Thread exited: 0x000001a08a5607e0
Event: 460.525 Thread 0x000001a087f43b20 Thread exited: 0x000001a087f43b20
Event: 460.525 Thread 0x000001a08a55e710 Thread exited: 0x000001a08a55e710
Event: 460.525 Thread 0x000001a087f45560 Thread exited: 0x000001a087f45560
Event: 460.525 Thread 0x000001a08a561500 Thread exited: 0x000001a08a561500
Event: 460.526 Thread 0x000001a087f42e00 Thread exited: 0x000001a087f42e00
Event: 460.528 Thread 0x000001a08a8d2890 Thread added: 0x000001a08a8d2890
Event: 460.528 Thread 0x000001a08a564980 Thread exited: 0x000001a08a564980
Event: 460.529 Thread 0x000001a08a8d2890 Thread exited: 0x000001a08a8d2890
Event: 460.540 Thread 0x000001a08a561b90 Thread exited: 0x000001a08a561b90
Event: 460.540 Thread 0x000001a08a55f430 Thread exited: 0x000001a08a55f430
Event: 460.540 Thread 0x000001a08a563c60 Thread exited: 0x000001a08a563c60


Dynamic libraries:
0x00007ff70a390000 - 0x00007ff70a3a0000 	C:\Program Files\Java\jdk-21\bin\javaw.exe
0x00007ffe85c50000 - 0x00007ffe85e48000 	C:\WINDOWS\SYSTEM32\ntdll.dll
0x00007ffe83f50000 - 0x00007ffe84012000 	C:\WINDOWS\System32\KERNEL32.DLL
0x00007ffe838f0000 - 0x00007ffe83be6000 	C:\WINDOWS\System32\KERNELBASE.dll
0x00007ffe83310000 - 0x00007ffe83410000 	C:\WINDOWS\System32\ucrtbase.dll
0x00007ffe78070000 - 0x00007ffe78089000 	C:\Program Files\Java\jdk-21\bin\jli.dll
0x00007ffe7b850000 - 0x00007ffe7b86b000 	C:\Program Files\Java\jdk-21\bin\VCRUNTIME140.dll
0x00007ffe852a0000 - 0x00007ffe85351000 	C:\WINDOWS\System32\ADVAPI32.dll
0x00007ffe84a20000 - 0x00007ffe84abe000 	C:\WINDOWS\System32\msvcrt.dll
0x00007ffe85060000 - 0x00007ffe850ff000 	C:\WINDOWS\System32\sechost.dll
0x00007ffe848f0000 - 0x00007ffe84a13000 	C:\WINDOWS\System32\RPCRT4.dll
0x00007ffe835e0000 - 0x00007ffe83607000 	C:\WINDOWS\System32\bcrypt.dll
0x00007ffe85100000 - 0x00007ffe8529d000 	C:\WINDOWS\System32\USER32.dll
0x00007ffe832e0000 - 0x00007ffe83302000 	C:\WINDOWS\System32\win32u.dll
0x00007ffe6dd40000 - 0x00007ffe6dfda000 	C:\WINDOWS\WinSxS\amd64_microsoft.windows.common-controls_6595b64144ccf1df_6.0.19041.5915_none_60b4b9d171f9c7c7\COMCTL32.dll
0x00007ffe846d0000 - 0x00007ffe846fb000 	C:\WINDOWS\System32\GDI32.dll
0x00007ffe83410000 - 0x00007ffe83529000 	C:\WINDOWS\System32\gdi32full.dll
0x00007ffe83850000 - 0x00007ffe838ed000 	C:\WINDOWS\System32\msvcp_win.dll
0x00007ffe7e0c0000 - 0x00007ffe7e0ca000 	C:\WINDOWS\SYSTEM32\VERSION.dll
0x00007ffe84720000 - 0x00007ffe8474f000 	C:\WINDOWS\System32\IMM32.DLL
0x00007ffe77fe0000 - 0x00007ffe77fec000 	C:\Program Files\Java\jdk-21\bin\vcruntime140_1.dll
0x00007ffe4e0f0000 - 0x00007ffe4e17e000 	C:\Program Files\Java\jdk-21\bin\msvcp140.dll
0x00007ffe13480000 - 0x00007ffe14195000 	C:\Program Files\Java\jdk-21\bin\server\jvm.dll
0x00007ffe84820000 - 0x00007ffe8488b000 	C:\WINDOWS\System32\WS2_32.dll
0x00007ffe82870000 - 0x00007ffe828bb000 	C:\WINDOWS\SYSTEM32\POWRPROF.dll
0x00007ffe70e40000 - 0x00007ffe70e67000 	C:\WINDOWS\SYSTEM32\WINMM.dll
0x00007ffe826e0000 - 0x00007ffe826f2000 	C:\WINDOWS\SYSTEM32\UMPDC.dll
0x00007ffe81b00000 - 0x00007ffe81b12000 	C:\WINDOWS\SYSTEM32\kernel.appcore.dll
0x00007ffe76120000 - 0x00007ffe7612a000 	C:\Program Files\Java\jdk-21\bin\jimage.dll
0x00007ffe817d0000 - 0x00007ffe819d1000 	C:\WINDOWS\SYSTEM32\DBGHELP.DLL
0x00007ffe7e9f0000 - 0x00007ffe7ea24000 	C:\WINDOWS\SYSTEM32\dbgcore.DLL
0x00007ffe83610000 - 0x00007ffe83692000 	C:\WINDOWS\System32\bcryptPrimitives.dll
0x00007ffe756c0000 - 0x00007ffe756df000 	C:\Program Files\Java\jdk-21\bin\java.dll
0x00007ffe85440000 - 0x00007ffe85bae000 	C:\WINDOWS\System32\SHELL32.dll
0x00007ffe80f60000 - 0x00007ffe81704000 	C:\WINDOWS\SYSTEM32\windows.storage.dll
0x00007ffe84370000 - 0x00007ffe846c3000 	C:\WINDOWS\System32\combase.dll
0x00007ffe82d10000 - 0x00007ffe82d3b000 	C:\WINDOWS\SYSTEM32\Wldp.dll
0x00007ffe84750000 - 0x00007ffe8481d000 	C:\WINDOWS\System32\OLEAUT32.dll
0x00007ffe84020000 - 0x00007ffe840cd000 	C:\WINDOWS\System32\SHCORE.dll
0x00007ffe84890000 - 0x00007ffe848eb000 	C:\WINDOWS\System32\shlwapi.dll
0x00007ffe83210000 - 0x00007ffe83235000 	C:\WINDOWS\SYSTEM32\profapi.dll
0x00007ffe76110000 - 0x00007ffe76120000 	C:\Program Files\Java\jdk-21\bin\net.dll
0x00007ffe7ac30000 - 0x00007ffe7ad3a000 	C:\WINDOWS\SYSTEM32\WINHTTP.dll
0x00007ffe82a70000 - 0x00007ffe82ada000 	C:\WINDOWS\system32\mswsock.dll
0x00007ffe75260000 - 0x00007ffe75276000 	C:\Program Files\Java\jdk-21\bin\nio.dll
0x00007ffe6ca10000 - 0x00007ffe6ca28000 	C:\Program Files\Java\jdk-21\bin\zip.dll
0x00007ffe75230000 - 0x00007ffe7523a000 	C:\Program Files\Java\jdk-21\bin\management.dll
0x00007ffe75220000 - 0x00007ffe7522b000 	C:\Program Files\Java\jdk-21\bin\management_ext.dll
0x00007ffe83f40000 - 0x00007ffe83f48000 	C:\WINDOWS\System32\PSAPI.DLL
0x00007ffe5a8f0000 - 0x00007ffe5a907000 	C:\WINDOWS\system32\napinsp.dll
0x00007ffe5a8d0000 - 0x00007ffe5a8eb000 	C:\WINDOWS\system32\pnrpnsp.dll
0x00007ffe7f990000 - 0x00007ffe7f9ad000 	C:\WINDOWS\system32\wshbth.dll
0x00007ffe7e560000 - 0x00007ffe7e57d000 	C:\WINDOWS\system32\NLAapi.dll
0x00007ffe82700000 - 0x00007ffe8273b000 	C:\WINDOWS\SYSTEM32\IPHLPAPI.DLL
0x00007ffe82750000 - 0x00007ffe8281a000 	C:\WINDOWS\SYSTEM32\DNSAPI.dll
0x00007ffe84260000 - 0x00007ffe84268000 	C:\WINDOWS\System32\NSI.dll
0x00007ffe5a8b0000 - 0x00007ffe5a8c2000 	C:\WINDOWS\System32\winrnr.dll
0x00007ffe7b0e0000 - 0x00007ffe7b0ea000 	C:\Windows\System32\rasadhlp.dll
0x00007ffe79870000 - 0x00007ffe798f0000 	C:\WINDOWS\System32\fwpuclnt.dll
0x00007ffe82c70000 - 0x00007ffe82c88000 	C:\WINDOWS\SYSTEM32\CRYPTSP.dll
0x00007ffe82320000 - 0x00007ffe82358000 	C:\WINDOWS\system32\rsaenh.dll
0x00007ffe83190000 - 0x00007ffe831be000 	C:\WINDOWS\SYSTEM32\USERENV.dll
0x00007ffe82c60000 - 0x00007ffe82c6c000 	C:\WINDOWS\SYSTEM32\CRYPTBASE.dll
0x00007ffe75240000 - 0x00007ffe75247000 	C:\Program Files\Java\jdk-21\bin\extnet.dll
0x00007ffe704a0000 - 0x00007ffe704ae000 	C:\Program Files\Java\jdk-21\bin\sunmscapi.dll
0x00007ffe836a0000 - 0x00007ffe837fd000 	C:\WINDOWS\System32\CRYPT32.dll
0x00007ffe82d80000 - 0x00007ffe82da7000 	C:\WINDOWS\SYSTEM32\ncrypt.dll
0x00007ffe82d40000 - 0x00007ffe82d7b000 	C:\WINDOWS\SYSTEM32\NTASN1.dll
0x00007ffe75250000 - 0x00007ffe75260000 	C:\Program Files\Java\jdk-21\bin\verify.dll
0x00007ffe7ec50000 - 0x00007ffe7ec57000 	C:\WINDOWS\system32\wshunix.dll

dbghelp: loaded successfully - version: 4.0.5 - missing functions: none
symbol engine: initialized successfully - sym options: 0x614 - pdb path: .;C:\Program Files\Java\jdk-21\bin;C:\WINDOWS\SYSTEM32;C:\WINDOWS\WinSxS\amd64_microsoft.windows.common-controls_6595b64144ccf1df_6.0.19041.5915_none_60b4b9d171f9c7c7;C:\Program Files\Java\jdk-21\bin\server

VM Arguments:
jvm_args: -Dcom.sun.management.jmxremote -Dcom.sun.management.jmxremote.port=57482 -Dcom.sun.management.jmxremote.authenticate=false -Dcom.sun.management.jmxremote.ssl=false -Djava.rmi.server.hostname=localhost -Dspring.jmx.enabled=true -Dmanagement.endpoints.jmx.exposure.include=* -Dspring.application.admin.enabled=true -XX:TieredStopAtLevel=1 -Dspring.boot.project.name=backendEvent -Dfile.encoding=UTF-8 -Dstdout.encoding=UTF-8 -Dstderr.encoding=UTF-8 -XX:+ShowCodeDetailsInExceptionMessages 
java_command: com.event.BackendEventApplication --spring.output.ansi.enabled=always
java_class_path (initial): C:\Users\thapa\Documents\GitHub\CustomEventManagement\backend\target\classes;C:\Users\thapa\.m2\repository\io\jsonwebtoken\jjwt-api\0.11.5\jjwt-api-0.11.5.jar;C:\Users\thapa\.m2\repository\io\jsonwebtoken\jjwt-impl\0.11.5\jjwt-impl-0.11.5.jar;C:\Users\thapa\.m2\repository\io\jsonwebtoken\jjwt-jackson\0.11.5\jjwt-jackson-0.11.5.jar;C:\Users\thapa\.m2\repository\com\fasterxml\jackson\core\jackson-databind\2.18.3\jackson-databind-2.18.3.jar;C:\Users\thapa\.m2\repository\com\fasterxml\jackson\core\jackson-annotations\2.18.3\jackson-annotations-2.18.3.jar;C:\Users\thapa\.m2\repository\com\fasterxml\jackson\core\jackson-core\2.18.3\jackson-core-2.18.3.jar;C:\Users\thapa\.m2\repository\org\springframework\boot\spring-boot-starter-data-jpa\3.4.5\spring-boot-starter-data-jpa-3.4.5.jar;C:\Users\thapa\.m2\repository\org\springframework\boot\spring-boot-starter\3.4.5\spring-boot-starter-3.4.5.jar;C:\Users\thapa\.m2\repository\org\springframework\boot\spring-boot-starter-logging\3.4.5\spring-boot-starter-logging-3.4.5.jar;C:\Users\thapa\.m2\repository\ch\qos\logback\logback-classic\1.5.18\logback-classic-1.5.18.jar;C:\Users\thapa\.m2\repository\ch\qos\logback\logback-core\1.5.18\logback-core-1.5.18.jar;C:\Users\thapa\.m2\repository\org\apache\logging\log4j\log4j-to-slf4j\2.24.3\log4j-to-slf4j-2.24.3.jar;C:\Users\thapa\.m2\repository\org\apache\logging\log4j\log4j-api\2.24.3\log4j-api-2.24.3.jar;C:\Users\thapa\.m2\repository\org\slf4j\jul-to-slf4j\2.0.17\jul-to-slf4j-2.0.17.jar;C:\Users\thapa\.m2\repository\jakarta\annotation\jakarta.annotation-api\2.1.1\jakarta.annotation-api-2.1.1.jar;C:\Users\thapa\.m2\repository\org\yaml\snakeyaml\2.3\snakeyaml-2.3.jar;C:\Users\thapa\.m2\repository\org\springframework\boot\spring-boot-starter-jdbc\3.4.5\spring-boot-starter-jdbc-3.4.5.jar;C:\Users\thapa\.m2\repository\com\zaxxer\HikariCP\5.1.0\HikariCP-5.1.0.jar;C:\Users\thapa\.m2\repository\org\springframework\spring-jdbc\6.2.6\spring-jdbc-6.2.6.jar;C:\Users\thapa\.m2\repository\org\hibernate\orm\hibernate-core\6.6.13.Final\hibernate-core-6.6.13.Final.jar;C:\Users\thapa\.m2\repository\jakarta\persistence\jakarta.persistence-api\3.1.0\jakarta.persistence-api-3.1.0.jar;C:\Users\thapa\.m2\repository\jakarta\transaction\jakarta.transaction-api\2.0.1\jakarta.transaction-api-2.0.1.jar;C:\Users\thapa\.m2\repository\org\jboss\logging\jboss-logging\3.6.1.Final\jboss-logging-3.6.1.Final.jar;C:\Users\thapa\.m2\repository\org\hibernate\common\hibernate-commons-annotations\7.0.3.Final\hibernate-commons-annotations-7.0.3.Final.jar;C:\Users\thapa\.m2\repository\io\smallrye\jandex\3.2.0\jandex-3.2.0.jar;C:\Users\thapa\.m2\repository\com\fasterxml\classmate\1.7.0\classmate-1.7.0.jar;C:\Users\thapa\.m2\repository\net\bytebuddy\byte-buddy\1.15.11\byte-buddy-1.15.11.jar;C:\Users\thapa\.m2\repository\org\glassfish\jaxb\jaxb-runtime\4.0.5\jaxb-runtime-4.0.5.jar;C:\Users\thapa\.m2\repository\org\glassfish\jaxb\jaxb-core\4.0.5\jaxb-core-4.0.5.jar;C:\Users\thapa\.m2\repository\org\eclipse\angus\angus-activation\2.0.2\angus-activation-2.0.2.jar;C:\Users\thapa\.m2\repository\org\glassfish\jaxb\txw2\4.0.5\txw2-4.0.5.jar;C:\Users\thapa\.m2\repository\com\sun\istack\istack-commons-runtime\4.1.2\istack-commons-runtime-4.1.2.jar;C:\Users\thapa\.m2\repository\jakarta\inject\jakarta.inject-api\2.0.1\jakarta.inject-api-2.0.1.jar;C:\Users\thapa\.m2\repository\org\antlr\antlr4-runtime\4.13.0\antlr4-runtime-4.13.0.jar;C:\Users\thapa\.m2\repository\org\springframework\data\spring-data-jpa\3.4.5\spring-data-jpa-3.4.5.jar;C:\Users\thapa\.m2\repository\org\springframework\data\spring-data-commons\3.4.5\spring-data-commons-3.4.5.jar;C:\Users\thapa\.m2\repository\org\springframework\spring-orm\6.2.6\spring-orm-6.2.6.jar;C:\Users\thapa\.m2\repository\org\springframework\spring-tx\6.2.6\spring-tx-6.2.6.jar;C:\Users\thapa\.m2\repository\org\slf4j\slf4j-api\2.0.17\slf4j-api-2.0.17.jar;C:\Users\thapa\.m2\repository\org\springframework\spring-aspects\6.2.6\spring-aspects-6.2.6.jar;C:\Users\thapa\.m2\repository\org\aspectj\aspectjweaver\1.9.24\aspectjweaver-1.9.24.jar;C:\Users\thapa\.m2\repository\org\springframework\boot\spring-boot-starter-integration\3.4.5\spring-boot-starter-integration-3.4.5.jar;C:\Users\thapa\.m2\repository\org\springframework\integration\spring-integration-core\6.4.4\spring-integration-core-6.4.4.jar;C:\Users\thapa\.m2\repository\org\springframework\retry\spring-retry\2.0.11\spring-retry-2.0.11.jar;C:\Users\thapa\.m2\repository\io\projectreactor\reactor-core\3.7.5\reactor-core-3.7.5.jar;C:\Users\thapa\.m2\repository\org\reactivestreams\reactive-streams\1.0.4\reactive-streams-1.0.4.jar;C:\Users\thapa\.m2\repository\io\micrometer\micrometer-observation\1.14.6\micrometer-observation-1.14.6.jar;C:\Users\thapa\.m2\repository\io\micrometer\micrometer-commons\1.14.6\micrometer-commons-1.14.6.jar;C:\Users\thapa\.m2\repository\org\springframework\boot\spring-boot-starter-security\3.4.5\spring-boot-starter-security-3.4.5.jar;C:\Users\thapa\.m2\repository\org\springframework\spring-aop\6.2.6\spring-aop-6.2.6.jar;C:\Users\thapa\.m2\repository\org\springframework\security\spring-security-config\6.4.5\spring-security-config-6.4.5.jar;C:\Users\thapa\.m2\repository\org\springframework\security\spring-security-web\6.4.5\spring-security-web-6.4.5.jar;C:\Users\thapa\.m2\repository\org\springframework\boot\spring-boot-starter-web\3.4.5\spring-boot-starter-web-3.4.5.jar;C:\Users\thapa\.m2\repository\org\springframework\boot\spring-boot-starter-json\3.4.5\spring-boot-starter-json-3.4.5.jar;C:\Users\thapa\.m2\repository\com\fasterxml\jackson\datatype\jackson-datatype-jdk8\2.18.3\jackson-datatype-jdk8-2.18.3.jar;C:\Users\thapa\.m2\repository\com\fasterxml\jackson\datatype\jackson-datatype-jsr310\2.18.3\jackson-datatype-jsr310-2.18.3.jar;C:\Users\thapa\.m2\repository\com\fasterxml\jackson\module\jackson-module-parameter-names\2.18.3\jackson-module-parameter-names-2.18.3.jar;C:\Users\thapa\.m2\repository\org\springframework\boot\spring-boot-starter-tomcat\3.4.5\spring-boot-starter-tomcat-3.4.5.jar;C:\Users\thapa\.m2\repository\org\apache\tomcat\embed\tomcat-embed-core\10.1.40\tomcat-embed-core-10.1.40.jar;C:\Users\thapa\.m2\repository\org\apache\tomcat\embed\tomcat-embed-el\10.1.40\tomcat-embed-el-10.1.40.jar;C:\Users\thapa\.m2\repository\org\apache\tomcat\embed\tomcat-embed-websocket\10.1.40\tomcat-embed-websocket-10.1.40.jar;C:\Users\thapa\.m2\repository\org\springframework\spring-web\6.2.6\spring-web-6.2.6.jar;C:\Users\thapa\.m2\repository\org\springframework\spring-webmvc\6.2.6\spring-webmvc-6.2.6.jar;C:\Users\thapa\.m2\repository\org\springframework\integration\spring-integration-http\6.4.4\spring-integration-http-6.4.4.jar;C:\Users\thapa\.m2\repository\org\springframework\security\spring-security-messaging\6.4.5\spring-security-messaging-6.4.5.jar;C:\Users\thapa\.m2\repository\org\springframework\security\spring-security-core\6.4.5\spring-security-core-6.4.5.jar;C:\Users\thapa\.m2\repository\org\springframework\security\spring-security-crypto\6.4.5\spring-security-crypto-6.4.5.jar;C:\Users\thapa\.m2\repository\org\springframework\spring-beans\6.2.6\spring-beans-6.2.6.jar;C:\Users\thapa\.m2\repository\org\springframework\spring-context\6.2.6\spring-context-6.2.6.jar;C:\Users\thapa\.m2\repository\org\springframework\spring-core\6.2.6\spring-core-6.2.6.jar;C:\Users\thapa\.m2\repository\org\springframework\spring-jcl\6.2.6\spring-jcl-6.2.6.jar;C:\Users\thapa\.m2\repository\org\springframework\spring-expression\6.2.6\spring-expression-6.2.6.jar;C:\Users\thapa\.m2\repository\org\springframework\spring-messaging\6.2.6\spring-messaging-6.2.6.jar;C:\Users\thapa\.m2\repository\org\springframework\boot\spring-boot-devtools\3.4.5\spring-boot-devtools-3.4.5.jar;C:\Users\thapa\.m2\repository\org\springframework\boot\spring-boot\3.4.5\spring-boot-3.4.5.jar;C:\Users\thapa\.m2\repository\org\springframework\boot\spring-boot-autoconfigure\3.4.5\spring-boot-autoconfigure-3.4.5.jar;C:\Users\thapa\.m2\repository\com\mysql\mysql-connector-j\9.1.0\mysql-connector-j-9.1.0.jar;C:\Users\thapa\.m2\repository\jakarta\xml\bind\jakarta.xml.bind-api\4.0.2\jakarta.xml.bind-api-4.0.2.jar;C:\Users\thapa\.m2\repository\jakarta\activation\jakarta.activation-api\2.1.3\jakarta.activation-api-2.1.3.jar
Launcher Type: SUN_STANDARD

[Global flags]
     intx CICompilerCount                          = 4                                         {product} {ergonomic}
     uint ConcGCThreads                            = 3                                         {product} {ergonomic}
     uint G1ConcRefinementThreads                  = 10                                        {product} {ergonomic}
   size_t G1HeapRegionSize                         = 2097152                                   {product} {ergonomic}
    uintx GCDrainStackTargetSize                   = 64                                        {product} {ergonomic}
   size_t InitialHeapSize                          = 266338304                                 {product} {ergonomic}
     bool ManagementServer                         = true                                      {product} {command line}
   size_t MarkStackSize                            = 4194304                                   {product} {ergonomic}
   size_t MaxHeapSize                              = 4250927104                                {product} {ergonomic}
   size_t MaxNewSize                               = 2550136832                                {product} {ergonomic}
   size_t MinHeapDeltaBytes                        = 2097152                                   {product} {ergonomic}
   size_t MinHeapSize                              = 8388608                                   {product} {ergonomic}
    uintx NonNMethodCodeHeapSize                   = 4096                                   {pd product} {ergonomic}
    uintx NonProfiledCodeHeapSize                  = 0                                      {pd product} {ergonomic}
     bool ProfileInterpreter                       = false                                  {pd product} {command line}
    uintx ProfiledCodeHeapSize                     = 0                                      {pd product} {ergonomic}
     bool ShowCodeDetailsInExceptionMessages       = true                                   {manageable} {command line}
   size_t SoftMaxHeapSize                          = 4250927104                             {manageable} {ergonomic}
     intx TieredStopAtLevel                        = 1                                         {product} {command line}
     bool UseCompressedOops                        = true                           {product lp64_product} {ergonomic}
     bool UseG1GC                                  = true                                      {product} {ergonomic}
     bool UseLargePagesIndividualAllocation        = false                                  {pd product} {ergonomic}

Logging:
Log output configuration:
 #0: stdout all=warning uptime,level,tags foldmultilines=false
 #1: stderr all=off uptime,level,tags foldmultilines=false

Environment Variables:
JAVA_HOME=C:\Program Files\Java\jdk-21
PATH=C:\Program Files\Common Files\Oracle\Java\javapath;C:\ProgramData\Oracle\Java\javapath;C:\Windows\system32;C:\Windows;C:\Windows\System32\Wbem;C:\Windows\System32\WindowsPowerShell\v1.0\;C:\Windows\System32\OpenSSH\;C:\Program Files (x86)\NVIDIA Corporation\PhysX\Common;C:\WINDOWS\system32;C:\WINDOWS;C:\WINDOWS\System32\Wbem;C:\WINDOWS\System32\WindowsPowerShell\v1.0\;C:\WINDOWS\System32\OpenSSH\;C:\Program Files\Git\cmd;C:\Program Files\Azure Data Studio\bin;C:\Program Files (x86)\Microsoft SQL Server\160\Tools\Binn\;C:\Program Files\Microsoft SQL Server\160\Tools\Binn\;C:\Program Files\Microsoft SQL Server\Client SDK\ODBC\170\Tools\Binn\;C:\Program Files\Microsoft SQL Server\160\DTS\Binn\;C:\Program Files (x86)\Microsoft SQL Server\160\DTS\Binn\;C:\Program Files\Microsoft SQL Server\150\Tools\Binn\;C:\Program Files\dotnet\;C:\Program Files\NVIDIA Corporation\NVIDIA app\NvDLISR;C:\Program Files\nodejs\;C:\Users\thapa\.console-ninja\.bin;C:\Users\thapa\AppData\Local\Programs\Python\Python311\Scripts\;C:\Users\thapa\AppData\Local\Programs\Python\Python311\;C:\Users\thapa\AppData\Local\Microsoft\WindowsApps;C:\Users\thapa\AppData\Local\Programs\Microsoft VS Code\bin;C:\Program Files\Azure Data Studio\bin;C:\Users\thapa\.dotnet\tools;C:\Users\thapa\AppData\Local\GitHubDesktop\bin;C:\Users\thapa\AppData\Roaming\npm
USERNAME=thapa
OS=Windows_NT
PROCESSOR_IDENTIFIER=Intel64 Family 6 Model 165 Stepping 2, GenuineIntel
TMP=C:\Users\thapa\AppData\Local\Temp
TEMP=C:\Users\thapa\AppData\Local\Temp




Periodic native trim disabled

---------------  S Y S T E M  ---------------

OS:
 Windows 10 , 64 bit Build 19041 (10.0.19041.5915)
OS uptime: 4 days 9:49 hours

CPU: total 12 (initial active 12) (6 cores per cpu, 2 threads per core) family 6 model 165 stepping 2 microcode 0xe2, cx8, cmov, fxsr, ht, mmx, 3dnowpref, sse, sse2, sse3, ssse3, sse4.1, sse4.2, popcnt, lzcnt, tsc, tscinvbit, avx, avx2, aes, erms, clmul, bmi1, bmi2, adx, fma, vzeroupper, clflush, clflushopt, rdtscp, f16c, pku
Processor Information for all 12 processors :
  Max Mhz: 2592, Current Mhz: 2592, Mhz Limit: 2592

Memory: 4k page, system-wide physical 16215M (767M free)
TotalPageFile size 65367M (AvailPageFile size 5M)
current process WorkingSet (physical memory assigned to process): 274M, peak: 275M
current process commit charge ("private bytes"): 322M, peak: 382M

vm_info: Java HotSpot(TM) 64-Bit Server VM (21.0.1+12-LTS-29) for windows-amd64 JRE (21.0.1+12-LTS-29), built on 2023-10-05T13:27:09Z by "mach5one" with MS VC++ 17.1 (VS2022)

END.
